<?xml version="1.0" encoding="UTF-8"?>
<!-- Generated by org.testng.reporters.JUnitReportReporter -->
<testsuite hostname="DESKTOP-EOUB9IP" failures="0" tests="2" name="testcases.VerifyCreateLead" time="30.577" errors="0" timestamp="2022-02-06T10:57:10 IST" skipped="0">
  <testcase classname="testcases.VerifyCreateLead" name="runVerifyCreateLead" time="15.938"/>
  <system-out/>
  <testcase classname="testcases.VerifyCreateLead" name="runVerifyCreateLead" time="14.639"/>
  <system-out/>
</testsuite> <!-- testcases.VerifyCreateLead -->
