<?xml version="1.0" encoding="UTF-8"?>
<!-- Generated by org.testng.reporters.JUnitReportReporter -->
<testsuite hostname="DESKTOP-2DUPFQS" failures="0" tests="1" name="nbabulls.VerifyBulls" time="15.405" errors="0" timestamp="2023-11-20T13:33:19 IST" skipped="0">
  <testcase classname="nbabulls.VerifyBulls" name="runVerifyBulls" time="15.405"/>
  <system-out/>
</testsuite> <!-- nbabulls.VerifyBulls -->
