<?xml version="1.0" encoding="UTF-8"?>
<!-- Generated by org.testng.reporters.JUnitReportReporter -->
<testsuite hostname="DESKTOP-EOUB9IP" failures="0" tests="1" name="testcases.ReadProperties" time="0.011" errors="0" timestamp="2022-02-06T10:12:08 IST" skipped="0">
  <testcase classname="testcases.ReadProperties" name="readData" time="0.011"/>
  <system-out/>
</testsuite> <!-- testcases.ReadProperties -->
